{
  "stats": {
    "suites": 1,
    "tests": 3,
    "passes": 3,
    "pending": 0,
    "failures": 0,
    "start": "2021-05-06T19:20:46.444Z",
    "end": "2021-05-06T19:20:48.602Z",
    "duration": 2158,
    "testsRegistered": 3,
    "passPercent": 100,
    "pendingPercent": 0,
    "other": 0,
    "hasOther": false,
    "skipped": 0,
    "hasSkipped": false
  },
  "results": [
    {
      "uuid": "029b4593-42ad-47a0-865f-39776e468e91",
      "title": "",
      "fullFile": "cypress/integration/client-specs.js",
      "file": "cypress/integration/client-specs.js",
      "beforeHooks": [],
      "afterHooks": [],
      "tests": [],
      "suites": [
        {
          "uuid": "467e201a-df1c-4108-acbe-32d1fbf6b0f5",
          "title": "Create a new client",
          "fullFile": "",
          "file": "",
          "beforeHooks": [],
          "afterHooks": [],
          "tests": [
            {
              "title": "New Client",
              "fullTitle": "Create a new client New Client",
              "timedOut": null,
              "duration": 769,
              "state": "passed",
              "speed": "slow",
              "pass": true,
              "fail": false,
              "pending": false,
              "context": null,
              "code": "clientHelpers.createClientRequest(cy);",
              "err": {},
              "uuid": "2e4b3d74-fbe6-45ef-b4e5-c45128940fa5",
              "parentUUID": "467e201a-df1c-4108-acbe-32d1fbf6b0f5",
              "isHook": false,
              "skipped": false
            },
            {
              "title": "Get all Clients",
              "fullTitle": "Create a new client Get all Clients",
              "timedOut": null,
              "duration": 564,
              "state": "passed",
              "speed": "slow",
              "pass": true,
              "fail": false,
              "pending": false,
              "context": null,
              "code": "clientHelpers.getAllClientsRequest(cy);",
              "err": {},
              "uuid": "a1ee0b8c-fd28-4a73-bb48-63feb20f94e8",
              "parentUUID": "467e201a-df1c-4108-acbe-32d1fbf6b0f5",
              "isHook": false,
              "skipped": false
            },
            {
              "title": "Delete Client",
              "fullTitle": "Create a new client Delete Client",
              "timedOut": null,
              "duration": 677,
              "state": "passed",
              "speed": "slow",
              "pass": true,
              "fail": false,
              "pending": false,
              "context": null,
              "code": "clientHelpers.createClientRequestAndDelete(cy);",
              "err": {},
              "uuid": "32ae8e98-dc21-4a2d-8ea4-96e0b7149bfa",
              "parentUUID": "467e201a-df1c-4108-acbe-32d1fbf6b0f5",
              "isHook": false,
              "skipped": false
            }
          ],
          "suites": [],
          "passes": [
            "2e4b3d74-fbe6-45ef-b4e5-c45128940fa5",
            "a1ee0b8c-fd28-4a73-bb48-63feb20f94e8",
            "32ae8e98-dc21-4a2d-8ea4-96e0b7149bfa"
          ],
          "failures": [],
          "pending": [],
          "skipped": [],
          "duration": 2010,
          "root": false,
          "rootEmpty": false,
          "_timeout": 2000
        }
      ],
      "passes": [],
      "failures": [],
      "pending": [],
      "skipped": [],
      "duration": 0,
      "root": true,
      "rootEmpty": true,
      "_timeout": 2000
    }
  ],
  "meta": {
    "mocha": {
      "version": "7.0.1"
    },
    "mochawesome": {
      "options": {
        "quiet": false,
        "reportFilename": "mochawesome",
        "saveHtml": false,
        "saveJson": true,
        "consoleReporter": "spec",
        "useInlineDiffs": false,
        "code": true
      },
      "version": "6.2.2"
    },
    "marge": {
      "options": {
        "charts": true,
        "overwrite": false,
        "html": false,
        "json": true,
        "reportDir": "cypress/report/mochawesome-report"
      },
      "version": "5.2.0"
    }
  }
}